Flow report for Group09
Thu Jan 03 16:38:51 2019
Quartus II 64-Bit Version 10.1 Build 153 11/29/2010 SJ Full Version


---------------------
; Table of Contents ;
---------------------
  1. Legal Notice
  2. Flow Summary
  3. Flow Settings
  4. Flow Non-Default Global Settings
  5. Flow Elapsed Time
  6. Flow OS Summary
  7. Flow Log



----------------
; Legal Notice ;
----------------
Copyright (C) 1991-2010 Altera Corporation
Your use of Altera Corporation's design tools, logic functions 
and other software and tools, and its AMPP partner logic 
functions, and any output files from any of the foregoing 
(including device programming or simulation files), and any 
associated documentation or information are expressly subject 
to the terms and conditions of the Altera Program License 
Subscription Agreement, Altera MegaCore Function License 
Agreement, or other applicable license agreement, including, 
without limitation, that your use is for the sole purpose of 
programming logic devices manufactured by Altera and sold by 
Altera or its authorized distributors.  Please refer to the 
applicable agreement for further details.



+--------------------------------------------------------------------------------+
; Flow Summary                                                                   ;
+------------------------------------+-------------------------------------------+
; Flow Status                        ; Successful - Thu Jan 03 16:38:51 2019     ;
; Quartus II 64-Bit Version          ; 10.1 Build 153 11/29/2010 SJ Full Version ;
; Revision Name                      ; Group09                                   ;
; Top-level Entity Name              ; Group09                                   ;
; Family                             ; Cyclone III                               ;
; Device                             ; EP3C16F484C6                              ;
; Timing Models                      ; Final                                     ;
; Total logic elements               ; 147 / 15,408 ( < 1 % )                    ;
;     Total combinational functions  ; 145 / 15,408 ( < 1 % )                    ;
;     Dedicated logic registers      ; 77 / 15,408 ( < 1 % )                     ;
; Total registers                    ; 77                                        ;
; Total pins                         ; 54 / 347 ( 16 % )                         ;
; Total virtual pins                 ; 0                                         ;
; Total memory bits                  ; 0 / 516,096 ( 0 % )                       ;
; Embedded Multiplier 9-bit elements ; 0 / 112 ( 0 % )                           ;
; Total PLLs                         ; 0 / 4 ( 0 % )                             ;
+------------------------------------+-------------------------------------------+


+-----------------------------------------+
; Flow Settings                           ;
+-------------------+---------------------+
; Option            ; Setting             ;
+-------------------+---------------------+
; Start date & time ; 01/03/2019 16:38:10 ;
; Main task         ; Compilation         ;
; Revision Name     ; Group09             ;
+-------------------+---------------------+


+--------------------------------------------------------------------------------------------------------------------------------+
; Flow Non-Default Global Settings                                                                                               ;
+-------------------------------------+-------------------------------------------+---------------+-------------+----------------+
; Assignment Name                     ; Value                                     ; Default Value ; Entity Name ; Section Id     ;
+-------------------------------------+-------------------------------------------+---------------+-------------+----------------+
; COMPILER_SIGNATURE_ID               ; 57827280311827.154650469008064            ; --            ; --          ; --             ;
; EDA_OUTPUT_DATA_FORMAT              ; Verilog Hdl                               ; --            ; --          ; eda_simulation ;
; EDA_SIMULATION_TOOL                 ; ModelSim-Altera (Verilog)                 ; <None>        ; --          ; --             ;
; IP_TOOL_NAME                        ; LPM_COUNTER                               ; --            ; --          ; --             ;
; IP_TOOL_VERSION                     ; 13.1                                      ; --            ; --          ; --             ;
; MAX_CORE_JUNCTION_TEMP              ; 85                                        ; --            ; --          ; --             ;
; MIN_CORE_JUNCTION_TEMP              ; 0                                         ; --            ; --          ; --             ;
; MISC_FILE                           ; C:/Users/user/Desktop/Group09/Group09.dpf ; --            ; --          ; --             ;
; MISC_FILE                           ; D:/Group09/Group09.dpf                    ; --            ; --          ; --             ;
; MISC_FILE                           ; timer.bsf                                 ; --            ; --          ; --             ;
; MISC_FILE                           ; timer_bb.v                                ; --            ; --          ; --             ;
; NOMINAL_CORE_SUPPLY_VOLTAGE         ; 1.2V                                      ; --            ; --          ; --             ;
; PARTITION_COLOR                     ; 16764057                                  ; --            ; --          ; Top            ;
; PARTITION_FITTER_PRESERVATION_LEVEL ; PLACEMENT_AND_ROUTING                     ; --            ; --          ; Top            ;
; PARTITION_NETLIST_TYPE              ; SOURCE                                    ; --            ; --          ; Top            ;
; PROJECT_OUTPUT_DIRECTORY            ; output_files                              ; --            ; --          ; --             ;
+-------------------------------------+-------------------------------------------+---------------+-------------+----------------+


+-------------------------------------------------------------------------------------------------------------------------------+
; Flow Elapsed Time                                                                                                             ;
+---------------------------+--------------+-------------------------+---------------------+------------------------------------+
; Module Name               ; Elapsed Time ; Average Processors Used ; Peak Virtual Memory ; Total CPU Time (on all processors) ;
+---------------------------+--------------+-------------------------+---------------------+------------------------------------+
; Analysis & Synthesis      ; 00:00:11     ; 1.0                     ; 334 MB              ; 00:00:01                           ;
; Fitter                    ; 00:00:14     ; 1.0                     ; 536 MB              ; 00:00:03                           ;
; Assembler                 ; 00:00:11     ; 1.0                     ; 320 MB              ; 00:00:01                           ;
; TimeQuest Timing Analyzer ; 00:00:12     ; 1.0                     ; 374 MB              ; 00:00:01                           ;
; EDA Netlist Writer        ; 00:00:11     ; 1.0                     ; 274 MB              ; 00:00:01                           ;
; Total                     ; 00:00:59     ; --                      ; --                  ; 00:00:07                           ;
+---------------------------+--------------+-------------------------+---------------------+------------------------------------+


+----------------------------------------------------------------------------------------+
; Flow OS Summary                                                                        ;
+---------------------------+------------------+-----------+------------+----------------+
; Module Name               ; Machine Hostname ; OS Name   ; OS Version ; Processor type ;
+---------------------------+------------------+-----------+------------+----------------+
; Analysis & Synthesis      ; INL03            ; Windows 7 ; 6.1        ; x86_64         ;
; Fitter                    ; INL03            ; Windows 7 ; 6.1        ; x86_64         ;
; Assembler                 ; INL03            ; Windows 7 ; 6.1        ; x86_64         ;
; TimeQuest Timing Analyzer ; INL03            ; Windows 7 ; 6.1        ; x86_64         ;
; EDA Netlist Writer        ; INL03            ; Windows 7 ; 6.1        ; x86_64         ;
+---------------------------+------------------+-----------+------------+----------------+


------------
; Flow Log ;
------------
quartus_map --read_settings_files=on --write_settings_files=off Group09 -c Group09
quartus_fit --read_settings_files=off --write_settings_files=off Group09 -c Group09
quartus_asm --read_settings_files=off --write_settings_files=off Group09 -c Group09
quartus_sta Group09 -c Group09
quartus_eda --read_settings_files=off --write_settings_files=off Group09 -c Group09



