Analysis & Synthesis report for Group09
Thu Jan 03 16:38:11 2019
Quartus II 64-Bit Version 10.1 Build 153 11/29/2010 SJ Full Version


---------------------
; Table of Contents ;
---------------------
  1. Legal Notice
  2. Analysis & Synthesis Summary
  3. Analysis & Synthesis Settings
  4. Parallel Compilation
  5. Analysis & Synthesis Source Files Read
  6. Analysis & Synthesis Resource Usage Summary
  7. Analysis & Synthesis Resource Utilization by Entity
  8. Registers Removed During Synthesis
  9. General Register Statistics
 10. Inverted Register Statistics
 11. Parameter Settings for User Entity Instance: my_pll:inst9
 12. Parameter Settings for User Entity Instance: my_pll:inst
 13. Parameter Settings for User Entity Instance: in:inst18|button_debouncer:bd_enter
 14. Port Connectivity Checks: "in:inst18|button_debouncer:bd_enter"
 15. Elapsed Time Per Partition
 16. Analysis & Synthesis Messages



----------------
; Legal Notice ;
----------------
Copyright (C) 1991-2010 Altera Corporation
Your use of Altera Corporation's design tools, logic functions 
and other software and tools, and its AMPP partner logic 
functions, and any output files from any of the foregoing 
(including device programming or simulation files), and any 
associated documentation or information are expressly subject 
to the terms and conditions of the Altera Program License 
Subscription Agreement, Altera MegaCore Function License 
Agreement, or other applicable license agreement, including, 
without limitation, that your use is for the sole purpose of 
programming logic devices manufactured by Altera and sold by 
Altera or its authorized distributors.  Please refer to the 
applicable agreement for further details.



+--------------------------------------------------------------------------------+
; Analysis & Synthesis Summary                                                   ;
+------------------------------------+-------------------------------------------+
; Analysis & Synthesis Status        ; Successful - Thu Jan 03 16:38:11 2019     ;
; Quartus II 64-Bit Version          ; 10.1 Build 153 11/29/2010 SJ Full Version ;
; Revision Name                      ; Group09                                   ;
; Top-level Entity Name              ; Group09                                   ;
; Family                             ; Cyclone III                               ;
; Total logic elements               ; 145                                       ;
;     Total combinational functions  ; 145                                       ;
;     Dedicated logic registers      ; 77                                        ;
; Total registers                    ; 77                                        ;
; Total pins                         ; 54                                        ;
; Total virtual pins                 ; 0                                         ;
; Total memory bits                  ; 0                                         ;
; Embedded Multiplier 9-bit elements ; 0                                         ;
; Total PLLs                         ; 0                                         ;
+------------------------------------+-------------------------------------------+


+----------------------------------------------------------------------------------------------------------------------+
; Analysis & Synthesis Settings                                                                                        ;
+----------------------------------------------------------------------------+--------------------+--------------------+
; Option                                                                     ; Setting            ; Default Value      ;
+----------------------------------------------------------------------------+--------------------+--------------------+
; Device                                                                     ; EP3C16F484C6       ;                    ;
; Top-level entity name                                                      ; Group09            ; Group09            ;
; Family name                                                                ; Cyclone III        ; Cyclone IV GX      ;
; Use smart compilation                                                      ; Off                ; Off                ;
; Enable parallel Assembler and TimeQuest Timing Analyzer during compilation ; On                 ; On                 ;
; Enable compact report table                                                ; Off                ; Off                ;
; Restructure Multiplexers                                                   ; Auto               ; Auto               ;
; Create Debugging Nodes for IP Cores                                        ; Off                ; Off                ;
; Preserve fewer node names                                                  ; On                 ; On                 ;
; Disable OpenCore Plus hardware evaluation                                  ; Off                ; Off                ;
; Verilog Version                                                            ; Verilog_2001       ; Verilog_2001       ;
; VHDL Version                                                               ; VHDL_1993          ; VHDL_1993          ;
; State Machine Processing                                                   ; Auto               ; Auto               ;
; Safe State Machine                                                         ; Off                ; Off                ;
; Extract Verilog State Machines                                             ; On                 ; On                 ;
; Extract VHDL State Machines                                                ; On                 ; On                 ;
; Ignore Verilog initial constructs                                          ; Off                ; Off                ;
; Iteration limit for constant Verilog loops                                 ; 5000               ; 5000               ;
; Iteration limit for non-constant Verilog loops                             ; 250                ; 250                ;
; Add Pass-Through Logic to Inferred RAMs                                    ; On                 ; On                 ;
; Parallel Synthesis                                                         ; On                 ; On                 ;
; DSP Block Balancing                                                        ; Auto               ; Auto               ;
; NOT Gate Push-Back                                                         ; On                 ; On                 ;
; Power-Up Don't Care                                                        ; On                 ; On                 ;
; Remove Redundant Logic Cells                                               ; Off                ; Off                ;
; Remove Duplicate Registers                                                 ; On                 ; On                 ;
; Ignore CARRY Buffers                                                       ; Off                ; Off                ;
; Ignore CASCADE Buffers                                                     ; Off                ; Off                ;
; Ignore GLOBAL Buffers                                                      ; Off                ; Off                ;
; Ignore ROW GLOBAL Buffers                                                  ; Off                ; Off                ;
; Ignore LCELL Buffers                                                       ; Off                ; Off                ;
; Ignore SOFT Buffers                                                        ; On                 ; On                 ;
; Limit AHDL Integers to 32 Bits                                             ; Off                ; Off                ;
; Optimization Technique                                                     ; Balanced           ; Balanced           ;
; Carry Chain Length                                                         ; 70                 ; 70                 ;
; Auto Carry Chains                                                          ; On                 ; On                 ;
; Auto Open-Drain Pins                                                       ; On                 ; On                 ;
; Perform WYSIWYG Primitive Resynthesis                                      ; Off                ; Off                ;
; Auto ROM Replacement                                                       ; On                 ; On                 ;
; Auto RAM Replacement                                                       ; On                 ; On                 ;
; Auto DSP Block Replacement                                                 ; On                 ; On                 ;
; Auto Shift Register Replacement                                            ; Auto               ; Auto               ;
; Auto Clock Enable Replacement                                              ; On                 ; On                 ;
; Strict RAM Replacement                                                     ; Off                ; Off                ;
; Allow Synchronous Control Signals                                          ; On                 ; On                 ;
; Force Use of Synchronous Clear Signals                                     ; Off                ; Off                ;
; Auto RAM Block Balancing                                                   ; On                 ; On                 ;
; Auto RAM to Logic Cell Conversion                                          ; Off                ; Off                ;
; Auto Resource Sharing                                                      ; Off                ; Off                ;
; Allow Any RAM Size For Recognition                                         ; Off                ; Off                ;
; Allow Any ROM Size For Recognition                                         ; Off                ; Off                ;
; Allow Any Shift Register Size For Recognition                              ; Off                ; Off                ;
; Use LogicLock Constraints during Resource Balancing                        ; On                 ; On                 ;
; Ignore translate_off and synthesis_off directives                          ; Off                ; Off                ;
; Timing-Driven Synthesis                                                    ; On                 ; On                 ;
; Report Parameter Settings                                                  ; On                 ; On                 ;
; Report Source Assignments                                                  ; On                 ; On                 ;
; Report Connectivity Checks                                                 ; On                 ; On                 ;
; Ignore Maximum Fan-Out Assignments                                         ; Off                ; Off                ;
; Synchronization Register Chain Length                                      ; 2                  ; 2                  ;
; PowerPlay Power Optimization                                               ; Normal compilation ; Normal compilation ;
; HDL message level                                                          ; Level2             ; Level2             ;
; Suppress Register Optimization Related Messages                            ; Off                ; Off                ;
; Number of Removed Registers Reported in Synthesis Report                   ; 5000               ; 5000               ;
; Number of Inverted Registers Reported in Synthesis Report                  ; 100                ; 100                ;
; Clock MUX Protection                                                       ; On                 ; On                 ;
; Auto Gated Clock Conversion                                                ; Off                ; Off                ;
; Block Design Naming                                                        ; Auto               ; Auto               ;
; SDC constraint protection                                                  ; Off                ; Off                ;
; Synthesis Effort                                                           ; Auto               ; Auto               ;
; Shift Register Replacement - Allow Asynchronous Clear Signal               ; On                 ; On                 ;
; Analysis & Synthesis Message Level                                         ; Medium             ; Medium             ;
; Disable Register Merging Across Hierarchies                                ; Auto               ; Auto               ;
; Resource Aware Inference For Block RAM                                     ; On                 ; On                 ;
; Synthesis Seed                                                             ; 1                  ; 1                  ;
+----------------------------------------------------------------------------+--------------------+--------------------+


+------------------------------------------+
; Parallel Compilation                     ;
+----------------------------+-------------+
; Processors                 ; Number      ;
+----------------------------+-------------+
; Number detected on machine ; 4           ;
; Maximum allowed            ; 4           ;
;                            ;             ;
; Average used               ; 1.00        ;
; Maximum used               ; 1           ;
;                            ;             ;
; Usage by Processor         ; % Time Used ;
;     1 processor            ; 100.0%      ;
;     2-4 processors         ;   0.0%      ;
+----------------------------+-------------+


+------------------------------------------------------------------------------------------------------------------------+
; Analysis & Synthesis Source Files Read                                                                                 ;
+----------------------------------+-----------------+------------------------------------+------------------------------+
; File Name with User-Entered Path ; Used in Netlist ; File Type                          ; File Name with Absolute Path ;
+----------------------------------+-----------------+------------------------------------+------------------------------+
; Seg7Decode.v                     ; yes             ; User Verilog HDL File              ; D:/Group09/Seg7Decode.v      ;
; button_debounce.v                ; yes             ; User Verilog HDL File              ; D:/Group09/button_debounce.v ;
; my_pll.v                         ; yes             ; User Verilog HDL File              ; D:/Group09/my_pll.v          ;
; control.v                        ; yes             ; User Verilog HDL File              ; D:/Group09/control.v         ;
; Group09.bdf                      ; yes             ; User Block Diagram/Schematic File  ; D:/Group09/Group09.bdf       ;
; outputs.v                        ; yes             ; User Verilog HDL File              ; D:/Group09/outputs.v         ;
; in.v                             ; yes             ; User Verilog HDL File              ; D:/Group09/in.v              ;
+----------------------------------+-----------------+------------------------------------+------------------------------+


+---------------------------------------------------------+
; Analysis & Synthesis Resource Usage Summary             ;
+---------------------------------------------+-----------+
; Resource                                    ; Usage     ;
+---------------------------------------------+-----------+
; Estimated Total logic elements              ; 145       ;
;                                             ;           ;
; Total combinational functions               ; 145       ;
; Logic element usage by number of LUT inputs ;           ;
;     -- 4 input functions                    ; 31        ;
;     -- 3 input functions                    ; 0         ;
;     -- <=2 input functions                  ; 114       ;
;                                             ;           ;
; Logic elements by mode                      ;           ;
;     -- normal mode                          ; 83        ;
;     -- arithmetic mode                      ; 62        ;
;                                             ;           ;
; Total registers                             ; 77        ;
;     -- Dedicated logic registers            ; 77        ;
;     -- I/O registers                        ; 0         ;
;                                             ;           ;
; I/O pins                                    ; 54        ;
; Maximum fan-out node                        ; clk~input ;
; Maximum fan-out                             ; 66        ;
; Total fan-out                               ; 565       ;
; Average fan-out                             ; 1.71      ;
+---------------------------------------------+-----------+


+-----------------------------------------------------------------------------------------------------------------------------------------------------------------------------------+
; Analysis & Synthesis Resource Utilization by Entity                                                                                                                               ;
+----------------------------+-------------------+--------------+-------------+--------------+---------+-----------+------+--------------+---------------------------+--------------+
; Compilation Hierarchy Node ; LC Combinationals ; LC Registers ; Memory Bits ; DSP Elements ; DSP 9x9 ; DSP 18x18 ; Pins ; Virtual Pins ; Full Hierarchy Name       ; Library Name ;
+----------------------------+-------------------+--------------+-------------+--------------+---------+-----------+------+--------------+---------------------------+--------------+
; |Group09                   ; 145 (0)           ; 77 (0)       ; 0           ; 0            ; 0       ; 0         ; 54   ; 0            ; |Group09                  ;              ;
;    |Seg7Decode:inst3|      ; 7 (7)             ; 0 (0)        ; 0           ; 0            ; 0       ; 0         ; 0    ; 0            ; |Group09|Seg7Decode:inst3 ;              ;
;    |control:inst16|        ; 4 (4)             ; 4 (4)        ; 0           ; 0            ; 0       ; 0         ; 0    ; 0            ; |Group09|control:inst16   ;              ;
;    |my_pll:inst9|          ; 68 (68)           ; 33 (33)      ; 0           ; 0            ; 0       ; 0         ; 0    ; 0            ; |Group09|my_pll:inst9     ;              ;
;    |my_pll:inst|           ; 66 (66)           ; 33 (33)      ; 0           ; 0            ; 0       ; 0         ; 0    ; 0            ; |Group09|my_pll:inst      ;              ;
;    |outputs:inst17|        ; 0 (0)             ; 7 (7)        ; 0           ; 0            ; 0       ; 0         ; 0    ; 0            ; |Group09|outputs:inst17   ;              ;
+----------------------------+-------------------+--------------+-------------+--------------+---------+-----------+------+--------------+---------------------------+--------------+
Note: For table entries with two numbers listed, the numbers in parentheses indicate the number of resources of the given type used by the specific entity alone. The numbers listed outside of parentheses indicate the total resources of the given type used by the specific entity and all of its sub-entities in the hierarchy.


+---------------------------------------------------------------------------------+
; Registers Removed During Synthesis                                              ;
+----------------------------------------+----------------------------------------+
; Register name                          ; Reason for Removal                     ;
+----------------------------------------+----------------------------------------+
; outputs:inst17|seg7_num[7..15]         ; Stuck at VCC due to stuck port data_in ;
; outputs:inst17|seg7_num[16..19]        ; Stuck at GND due to stuck port data_in ;
; outputs:inst17|seg7_num[20..21]        ; Stuck at VCC due to stuck port data_in ;
; outputs:inst17|seg7_num[22]            ; Stuck at GND due to stuck port data_in ;
; outputs:inst17|seg7_num[23]            ; Stuck at VCC due to stuck port data_in ;
; outputs:inst17|seg7_num[24..27]        ; Stuck at GND due to stuck port data_in ;
; outputs:inst17|seg7_num[28..29]        ; Stuck at VCC due to stuck port data_in ;
; outputs:inst17|seg7_num[30]            ; Stuck at GND due to stuck port data_in ;
; outputs:inst17|seg7_num[31]            ; Stuck at VCC due to stuck port data_in ;
; Total Number of Removed Registers = 25 ;                                        ;
+----------------------------------------+----------------------------------------+


+------------------------------------------------------+
; General Register Statistics                          ;
+----------------------------------------------+-------+
; Statistic                                    ; Value ;
+----------------------------------------------+-------+
; Total registers                              ; 77    ;
; Number of registers using Synchronous Clear  ; 0     ;
; Number of registers using Synchronous Load   ; 0     ;
; Number of registers using Asynchronous Clear ; 0     ;
; Number of registers using Asynchronous Load  ; 0     ;
; Number of registers using Clock Enable       ; 0     ;
; Number of registers using Preset             ; 0     ;
+----------------------------------------------+-------+


+--------------------------------------------------+
; Inverted Register Statistics                     ;
+----------------------------------------+---------+
; Inverted Register                      ; Fan out ;
+----------------------------------------+---------+
; control:inst16|num[0]                  ; 11      ;
; Total number of inverted registers = 1 ;         ;
+----------------------------------------+---------+


+-----------------------------------------------------------+
; Parameter Settings for User Entity Instance: my_pll:inst9 ;
+----------------+----------+-------------------------------+
; Parameter Name ; Value    ; Type                          ;
+----------------+----------+-------------------------------+
; counter_max    ; 10000000 ; Signed Integer                ;
+----------------+----------+-------------------------------+
Note: In order to hide this table in the UI and the text report file, please set the "Show Parameter Settings in Synthesis Report" option in "Analysis and Synthesis Settings -> More Settings" to "Off".


+----------------------------------------------------------+
; Parameter Settings for User Entity Instance: my_pll:inst ;
+----------------+-----------+-----------------------------+
; Parameter Name ; Value     ; Type                        ;
+----------------+-----------+-----------------------------+
; counter_max    ; 150000000 ; Signed Integer              ;
+----------------+-----------+-----------------------------+
Note: In order to hide this table in the UI and the text report file, please set the "Show Parameter Settings in Synthesis Report" option in "Analysis and Synthesis Settings -> More Settings" to "Off".


+----------------------------------------------------------------------------------+
; Parameter Settings for User Entity Instance: in:inst18|button_debouncer:bd_enter ;
+----------------+--------+--------------------------------------------------------+
; Parameter Name ; Value  ; Type                                                   ;
+----------------+--------+--------------------------------------------------------+
; preset_val     ; 0      ; Signed Integer                                         ;
; counter_max    ; 100000 ; Signed Integer                                         ;
+----------------+--------+--------------------------------------------------------+
Note: In order to hide this table in the UI and the text report file, please set the "Show Parameter Settings in Synthesis Report" option in "Analysis and Synthesis Settings -> More Settings" to "Off".


+-------------------------------------------------------------------------------------------------------------------------------------------------------------------------------------------------------------------+
; Port Connectivity Checks: "in:inst18|button_debouncer:bd_enter"                                                                                                                                                   ;
+-----------+-------+----------+------------------------------------------------------------------------------------------------------------------------------------------------------------------------------------+
; Port      ; Type  ; Severity ; Details                                                                                                                                                                            ;
+-----------+-------+----------+------------------------------------------------------------------------------------------------------------------------------------------------------------------------------------+
; rst_n     ; Input ; Warning  ; Input port expression (32 bits) is wider than the input port (1 bits) it drives.  The 31 most-significant bit(s) in the expression will be dangling if they have no other fanouts. ;
; rst_n[-1] ; Input ; Info     ; Stuck at VCC                                                                                                                                                                       ;
+-----------+-------+----------+------------------------------------------------------------------------------------------------------------------------------------------------------------------------------------+


+-------------------------------+
; Elapsed Time Per Partition    ;
+----------------+--------------+
; Partition Name ; Elapsed Time ;
+----------------+--------------+
; Top            ; 00:00:00     ;
+----------------+--------------+


+-------------------------------+
; Analysis & Synthesis Messages ;
+-------------------------------+
Info: *******************************************************************
Info: Running Quartus II 64-Bit Analysis & Synthesis
    Info: Version 10.1 Build 153 11/29/2010 SJ Full Version
    Info: Processing started: Thu Jan 03 16:38:00 2019
Info: Command: quartus_map --read_settings_files=on --write_settings_files=off Group09 -c Group09
Info: Parallel compilation is enabled and will use 4 of the 4 processors detected
Info: Found 1 design units, including 1 entities, in source file seg7decode.v
    Info: Found entity 1: Seg7Decode
Info: Found 1 design units, including 1 entities, in source file timer.v
    Info: Found entity 1: timer
Info: Found 1 design units, including 1 entities, in source file button_debounce.v
    Info: Found entity 1: button_debouncer
Info: Found 1 design units, including 1 entities, in source file my_pll.v
    Info: Found entity 1: my_pll
Info: Found 1 design units, including 1 entities, in source file control.v
    Info: Found entity 1: control
Info: Found 1 design units, including 1 entities, in source file group09.bdf
    Info: Found entity 1: Group09
Info: Found 1 design units, including 1 entities, in source file outputs.v
    Info: Found entity 1: outputs
Info: Found 1 design units, including 1 entities, in source file in.v
    Info: Found entity 1: in
Info: Elaborating entity "Group09" for the top level hierarchy
Info: Elaborating entity "outputs" for hierarchy "outputs:inst17"
Warning (10034): Output port "led" at outputs.v(9) has no driver
Info: Elaborating entity "my_pll" for hierarchy "my_pll:inst9"
Info: Elaborating entity "control" for hierarchy "control:inst16"
Warning (10034): Output port "led_out" at control.v(5) has no driver
Info: Elaborating entity "my_pll" for hierarchy "my_pll:inst"
Info: Elaborating entity "in" for hierarchy "in:inst18"
Info: Elaborating entity "button_debouncer" for hierarchy "in:inst18|button_debouncer:bd_enter"
Warning (10230): Verilog HDL assignment warning at button_debounce.v(31): truncated value with size 32 to match size of target (1)
Warning (10230): Verilog HDL assignment warning at button_debounce.v(32): truncated value with size 32 to match size of target (21)
Warning (10230): Verilog HDL assignment warning at button_debounce.v(41): truncated value with size 32 to match size of target (21)
Warning (10230): Verilog HDL assignment warning at button_debounce.v(43): truncated value with size 32 to match size of target (21)
Info: Elaborating entity "Seg7Decode" for hierarchy "Seg7Decode:inst3"
Warning: 1 hierarchies have connectivity warnings - see the Connectivity Checks report folder
Warning: Output pins are stuck at VCC or GND
    Warning (13410): Pin "led[9]" is stuck at GND
    Warning (13410): Pin "led[8]" is stuck at GND
    Warning (13410): Pin "led[7]" is stuck at GND
    Warning (13410): Pin "led[6]" is stuck at GND
    Warning (13410): Pin "led[5]" is stuck at GND
    Warning (13410): Pin "led[4]" is stuck at GND
    Warning (13410): Pin "led[3]" is stuck at GND
    Warning (13410): Pin "led[2]" is stuck at GND
    Warning (13410): Pin "led[1]" is stuck at GND
    Warning (13410): Pin "led[0]" is stuck at GND
    Warning (13410): Pin "seg7_num[31]" is stuck at VCC
    Warning (13410): Pin "seg7_num[30]" is stuck at GND
    Warning (13410): Pin "seg7_num[29]" is stuck at VCC
    Warning (13410): Pin "seg7_num[28]" is stuck at VCC
    Warning (13410): Pin "seg7_num[27]" is stuck at GND
    Warning (13410): Pin "seg7_num[26]" is stuck at GND
    Warning (13410): Pin "seg7_num[25]" is stuck at GND
    Warning (13410): Pin "seg7_num[24]" is stuck at GND
    Warning (13410): Pin "seg7_num[23]" is stuck at VCC
    Warning (13410): Pin "seg7_num[22]" is stuck at GND
    Warning (13410): Pin "seg7_num[21]" is stuck at VCC
    Warning (13410): Pin "seg7_num[20]" is stuck at VCC
    Warning (13410): Pin "seg7_num[19]" is stuck at GND
    Warning (13410): Pin "seg7_num[18]" is stuck at GND
    Warning (13410): Pin "seg7_num[17]" is stuck at GND
    Warning (13410): Pin "seg7_num[16]" is stuck at GND
    Warning (13410): Pin "seg7_num[15]" is stuck at VCC
    Warning (13410): Pin "seg7_num[14]" is stuck at VCC
    Warning (13410): Pin "seg7_num[13]" is stuck at VCC
    Warning (13410): Pin "seg7_num[12]" is stuck at VCC
    Warning (13410): Pin "seg7_num[11]" is stuck at VCC
    Warning (13410): Pin "seg7_num[10]" is stuck at VCC
    Warning (13410): Pin "seg7_num[9]" is stuck at VCC
    Warning (13410): Pin "seg7_num[8]" is stuck at VCC
    Warning (13410): Pin "seg7_num[7]" is stuck at VCC
Info: Timing-Driven Synthesis is running
Info: Generating hard_block partition "hard_block:auto_generated_inst"
Warning: Design contains 11 input pin(s) that do not drive logic
    Warning (15610): No output dependent on input pin "btn_enter"
    Warning (15610): No output dependent on input pin "sw_in_A[9]"
    Warning (15610): No output dependent on input pin "sw_in_A[8]"
    Warning (15610): No output dependent on input pin "sw_in_A[7]"
    Warning (15610): No output dependent on input pin "sw_in_A[6]"
    Warning (15610): No output dependent on input pin "sw_in_A[5]"
    Warning (15610): No output dependent on input pin "sw_in_B[4]"
    Warning (15610): No output dependent on input pin "sw_in_B[3]"
    Warning (15610): No output dependent on input pin "sw_in_B[2]"
    Warning (15610): No output dependent on input pin "sw_in_B[1]"
    Warning (15610): No output dependent on input pin "sw_in_B[0]"
Info: Implemented 199 device resources after synthesis - the final resource count might be different
    Info: Implemented 12 input pins
    Info: Implemented 42 output pins
    Info: Implemented 145 logic cells
Info: Quartus II 64-Bit Analysis & Synthesis was successful. 0 errors, 55 warnings
    Info: Peak virtual memory: 334 megabytes
    Info: Processing ended: Thu Jan 03 16:38:11 2019
    Info: Elapsed time: 00:00:11
    Info: Total CPU time (on all processors): 00:00:01


